{"E:\\EventPulse\\BACKEND\\src\\app.js": {"path":"E:\\EventPulse\\BACKEND\\src\\app.js","statementMap":{"0":{"start":{"line":2,"column":16},"end":{"line":2,"column":34}},"1":{"start":{"line":3,"column":13},"end":{"line":3,"column":28}},"2":{"start":{"line":4,"column":13},"end":{"line":4,"column":28}},"3":{"start":{"line":5,"column":15},"end":{"line":5,"column":39}},"4":{"start":{"line":6,"column":19},"end":{"line":6,"column":46}},"5":{"start":{"line":7,"column":20},"end":{"line":7,"column":49}},"6":{"start":{"line":8,"column":19},"end":{"line":8,"column":46}},"7":{"start":{"line":9,"column":23},"end":{"line":9,"column":54}},"8":{"start":{"line":10,"column":24},"end":{"line":10,"column":56}},"9":{"start":{"line":11,"column":30},"end":{"line":11,"column":61}},"10":{"start":{"line":13,"column":12},"end":{"line":13,"column":21}},"11":{"start":{"line":15,"column":0},"end":{"line":15,"column":59}},"12":{"start":{"line":18,"column":0},"end":{"line":21,"column":3}},"13":{"start":{"line":22,"column":0},"end":{"line":22,"column":23}},"14":{"start":{"line":25,"column":0},"end":{"line":25,"column":32}},"15":{"start":{"line":26,"column":0},"end":{"line":26,"column":54}},"16":{"start":{"line":27,"column":0},"end":{"line":27,"column":51}},"17":{"start":{"line":28,"column":0},"end":{"line":28,"column":59}},"18":{"start":{"line":29,"column":0},"end":{"line":29,"column":61}},"19":{"start":{"line":32,"column":0},"end":{"line":34,"column":2}},"20":{"start":{"line":33,"column":2},"end":{"line":33,"column":40}},"21":{"start":{"line":37,"column":0},"end":{"line":40,"column":2}},"22":{"start":{"line":38,"column":2},"end":{"line":38,"column":26}},"23":{"start":{"line":39,"column":2},"end":{"line":39,"column":60}},"24":{"start":{"line":42,"column":0},"end":{"line":42,"column":20}},"25":{"start":{"line":43,"column":0},"end":{"line":43,"column":30}}},"fnMap":{"0":{"name":"(anonymous_0)","decl":{"start":{"line":32,"column":19},"end":{"line":32,"column":20}},"loc":{"start":{"line":32,"column":33},"end":{"line":34,"column":1}},"line":32},"1":{"name":"(anonymous_1)","decl":{"start":{"line":37,"column":8},"end":{"line":37,"column":9}},"loc":{"start":{"line":37,"column":33},"end":{"line":40,"column":1}},"line":37}},"branchMap":{},"s":{"0":5,"1":5,"2":5,"3":5,"4":5,"5":5,"6":5,"7":5,"8":5,"9":5,"10":5,"11":5,"12":5,"13":5,"14":5,"15":5,"16":5,"17":5,"18":5,"19":5,"20":0,"21":5,"22":0,"23":0,"24":5,"25":5},"f":{"0":0,"1":0},"b":{},"inputSourceMap":null,"_coverageSchema":"1a1c01bbd47fc00a2c39e90264f33305004495a9","hash":"375f14a089545f20c555f315911f663aea15ef0f"}
,"E:\\EventPulse\\BACKEND\\src\\middleware\\auth.js": {"path":"E:\\EventPulse\\BACKEND\\src\\middleware\\auth.js","statementMap":{"0":{"start":{"line":2,"column":12},"end":{"line":2,"column":35}},"1":{"start":{"line":5,"column":26},"end":{"line":21,"column":1}},"2":{"start":{"line":6,"column":21},"end":{"line":6,"column":49}},"3":{"start":{"line":7,"column":16},"end":{"line":7,"column":54}},"4":{"start":{"line":9,"column":2},"end":{"line":11,"column":3}},"5":{"start":{"line":10,"column":4},"end":{"line":10,"column":69}},"6":{"start":{"line":13,"column":2},"end":{"line":20,"column":3}},"7":{"start":{"line":14,"column":20},"end":{"line":14,"column":61}},"8":{"start":{"line":15,"column":4},"end":{"line":15,"column":23}},"9":{"start":{"line":16,"column":4},"end":{"line":16,"column":11}},"10":{"start":{"line":18,"column":4},"end":{"line":18,"column":50}},"11":{"start":{"line":19,"column":4},"end":{"line":19,"column":73}},"12":{"start":{"line":24,"column":22},"end":{"line":29,"column":1}},"13":{"start":{"line":25,"column":2},"end":{"line":27,"column":3}},"14":{"start":{"line":26,"column":4},"end":{"line":26,"column":18}},"15":{"start":{"line":28,"column":2},"end":{"line":28,"column":71}},"16":{"start":{"line":31,"column":0},"end":{"line":34,"column":2}}},"fnMap":{"0":{"name":"(anonymous_0)","decl":{"start":{"line":5,"column":26},"end":{"line":5,"column":27}},"loc":{"start":{"line":5,"column":46},"end":{"line":21,"column":1}},"line":5},"1":{"name":"(anonymous_1)","decl":{"start":{"line":24,"column":22},"end":{"line":24,"column":23}},"loc":{"start":{"line":24,"column":42},"end":{"line":29,"column":1}},"line":24}},"branchMap":{"0":{"loc":{"start":{"line":7,"column":16},"end":{"line":7,"column":54}},"type":"binary-expr","locations":[{"start":{"line":7,"column":16},"end":{"line":7,"column":26}},{"start":{"line":7,"column":30},"end":{"line":7,"column":54}}],"line":7},"1":{"loc":{"start":{"line":9,"column":2},"end":{"line":11,"column":3}},"type":"if","locations":[{"start":{"line":9,"column":2},"end":{"line":11,"column":3}},{"start":{},"end":{}}],"line":9},"2":{"loc":{"start":{"line":25,"column":2},"end":{"line":27,"column":3}},"type":"if","locations":[{"start":{"line":25,"column":2},"end":{"line":27,"column":3}},{"start":{},"end":{}}],"line":25},"3":{"loc":{"start":{"line":25,"column":6},"end":{"line":25,"column":42}},"type":"binary-expr","locations":[{"start":{"line":25,"column":6},"end":{"line":25,"column":14}},{"start":{"line":25,"column":18},"end":{"line":25,"column":42}}],"line":25}},"s":{"0":5,"1":5,"2":1,"3":1,"4":1,"5":1,"6":0,"7":0,"8":0,"9":0,"10":0,"11":0,"12":5,"13":0,"14":0,"15":0,"16":5},"f":{"0":1,"1":0},"b":{"0":[1,0],"1":[1,0],"2":[0,0],"3":[0,0]},"inputSourceMap":null,"_coverageSchema":"1a1c01bbd47fc00a2c39e90264f33305004495a9","hash":"eda2fe1bbcb95de275ffcf376fd557ecc098447c"}
,"E:\\EventPulse\\BACKEND\\src\\routes\\analytics.js": {"path":"E:\\EventPulse\\BACKEND\\src\\routes\\analytics.js","statementMap":{"0":{"start":{"line":2,"column":16},"end":{"line":2,"column":34}},"1":{"start":{"line":3,"column":45},"end":{"line":3,"column":77}},"2":{"start":{"line":4,"column":15},"end":{"line":4,"column":40}},"3":{"start":{"line":6,"column":15},"end":{"line":6,"column":31}},"4":{"start":{"line":9,"column":0},"end":{"line":164,"column":2}},"5":{"start":{"line":10,"column":18},"end":{"line":10,"column":46}},"6":{"start":{"line":12,"column":2},"end":{"line":14,"column":3}},"7":{"start":{"line":13,"column":4},"end":{"line":13,"column":64}},"8":{"start":{"line":16,"column":2},"end":{"line":163,"column":3}},"9":{"start":{"line":18,"column":18},"end":{"line":30,"column":6}},"10":{"start":{"line":32,"column":4},"end":{"line":34,"column":5}},"11":{"start":{"line":33,"column":6},"end":{"line":33,"column":65}},"12":{"start":{"line":37,"column":4},"end":{"line":39,"column":5}},"13":{"start":{"line":38,"column":6},"end":{"line":38,"column":62}},"14":{"start":{"line":42,"column":4},"end":{"line":44,"column":5}},"15":{"start":{"line":43,"column":6},"end":{"line":43,"column":81}},"16":{"start":{"line":47,"column":23},"end":{"line":47,"column":41}},"17":{"start":{"line":48,"column":26},"end":{"line":48,"column":69}},"18":{"start":{"line":48,"column":50},"end":{"line":48,"column":61}},"19":{"start":{"line":49,"column":26},"end":{"line":49,"column":48}},"20":{"start":{"line":52,"column":28},"end":{"line":52,"column":30}},"21":{"start":{"line":53,"column":4},"end":{"line":72,"column":5}},"22":{"start":{"line":54,"column":20},"end":{"line":54,"column":45}},"23":{"start":{"line":55,"column":18},"end":{"line":55,"column":41}},"24":{"start":{"line":56,"column":28},"end":{"line":56,"column":71}},"25":{"start":{"line":58,"column":6},"end":{"line":71,"column":7}},"26":{"start":{"line":58,"column":19},"end":{"line":58,"column":20}},"27":{"start":{"line":59,"column":26},"end":{"line":59,"column":72}},"28":{"start":{"line":60,"column":24},"end":{"line":60,"column":70}},"29":{"start":{"line":62,"column":22},"end":{"line":65,"column":17}},"30":{"start":{"line":63,"column":31},"end":{"line":63,"column":52}},"31":{"start":{"line":64,"column":10},"end":{"line":64,"column":68}},"32":{"start":{"line":67,"column":8},"end":{"line":70,"column":10}},"33":{"start":{"line":75,"column":24},"end":{"line":75,"column":26}},"34":{"start":{"line":76,"column":4},"end":{"line":80,"column":6}},"35":{"start":{"line":77,"column":6},"end":{"line":79,"column":7}},"36":{"start":{"line":78,"column":8},"end":{"line":78,"column":62}},"37":{"start":{"line":82,"column":22},"end":{"line":85,"column":50}},"38":{"start":{"line":83,"column":22},"end":{"line":83,"column":33}},"39":{"start":{"line":85,"column":32},"end":{"line":85,"column":48}},"40":{"start":{"line":88,"column":23},"end":{"line":88,"column":25}},"41":{"start":{"line":89,"column":22},"end":{"line":89,"column":153}},"42":{"start":{"line":91,"column":4},"end":{"line":103,"column":6}},"43":{"start":{"line":92,"column":6},"end":{"line":102,"column":7}},"44":{"start":{"line":93,"column":22},"end":{"line":97,"column":66}},"45":{"start":{"line":97,"column":26},"end":{"line":97,"column":65}},"46":{"start":{"line":99,"column":8},"end":{"line":101,"column":10}},"47":{"start":{"line":100,"column":10},"end":{"line":100,"column":56}},"48":{"start":{"line":105,"column":24},"end":{"line":108,"column":48}},"49":{"start":{"line":106,"column":22},"end":{"line":106,"column":33}},"50":{"start":{"line":108,"column":31},"end":{"line":108,"column":46}},"51":{"start":{"line":111,"column":26},"end":{"line":111,"column":118}},"52":{"start":{"line":112,"column":26},"end":{"line":112,"column":107}},"53":{"start":{"line":114,"column":19},"end":{"line":114,"column":20}},"54":{"start":{"line":115,"column":19},"end":{"line":115,"column":20}},"55":{"start":{"line":116,"column":18},"end":{"line":116,"column":19}},"56":{"start":{"line":118,"column":4},"end":{"line":130,"column":6}},"57":{"start":{"line":119,"column":6},"end":{"line":129,"column":7}},"58":{"start":{"line":120,"column":24},"end":{"line":120,"column":47}},"59":{"start":{"line":121,"column":28},"end":{"line":121,"column":78}},"60":{"start":{"line":121,"column":55},"end":{"line":121,"column":77}},"61":{"start":{"line":122,"column":28},"end":{"line":122,"column":78}},"62":{"start":{"line":122,"column":55},"end":{"line":122,"column":77}},"63":{"start":{"line":124,"column":8},"end":{"line":126,"column":22}},"64":{"start":{"line":124,"column":41},"end":{"line":124,"column":51}},"65":{"start":{"line":125,"column":13},"end":{"line":126,"column":22}},"66":{"start":{"line":125,"column":46},"end":{"line":125,"column":56}},"67":{"start":{"line":126,"column":13},"end":{"line":126,"column":22}},"68":{"start":{"line":128,"column":8},"end":{"line":128,"column":17}},"69":{"start":{"line":132,"column":27},"end":{"line":132,"column":56}},"70":{"start":{"line":133,"column":22},"end":{"line":137,"column":5}},"71":{"start":{"line":140,"column":27},"end":{"line":142,"column":9}},"72":{"start":{"line":145,"column":22},"end":{"line":157,"column":5}},"73":{"start":{"line":159,"column":4},"end":{"line":159,"column":23}},"74":{"start":{"line":161,"column":4},"end":{"line":161,"column":44}},"75":{"start":{"line":162,"column":4},"end":{"line":162,"column":62}},"76":{"start":{"line":166,"column":0},"end":{"line":166,"column":24}}},"fnMap":{"0":{"name":"(anonymous_0)","decl":{"start":{"line":9,"column":58},"end":{"line":9,"column":59}},"loc":{"start":{"line":9,"column":78},"end":{"line":164,"column":1}},"line":9},"1":{"name":"(anonymous_1)","decl":{"start":{"line":48,"column":45},"end":{"line":48,"column":46}},"loc":{"start":{"line":48,"column":50},"end":{"line":48,"column":61}},"line":48},"2":{"name":"(anonymous_2)","decl":{"start":{"line":62,"column":45},"end":{"line":62,"column":46}},"loc":{"start":{"line":62,"column":50},"end":{"line":65,"column":9}},"line":62},"3":{"name":"(anonymous_3)","decl":{"start":{"line":76,"column":28},"end":{"line":76,"column":29}},"loc":{"start":{"line":76,"column":33},"end":{"line":80,"column":5}},"line":76},"4":{"name":"(anonymous_4)","decl":{"start":{"line":83,"column":12},"end":{"line":83,"column":13}},"loc":{"start":{"line":83,"column":22},"end":{"line":83,"column":33}},"line":83},"5":{"name":"(anonymous_5)","decl":{"start":{"line":85,"column":11},"end":{"line":85,"column":12}},"loc":{"start":{"line":85,"column":32},"end":{"line":85,"column":48}},"line":85},"6":{"name":"(anonymous_6)","decl":{"start":{"line":91,"column":28},"end":{"line":91,"column":29}},"loc":{"start":{"line":91,"column":33},"end":{"line":103,"column":5}},"line":91},"7":{"name":"(anonymous_7)","decl":{"start":{"line":97,"column":18},"end":{"line":97,"column":19}},"loc":{"start":{"line":97,"column":26},"end":{"line":97,"column":65}},"line":97},"8":{"name":"(anonymous_8)","decl":{"start":{"line":99,"column":22},"end":{"line":99,"column":23}},"loc":{"start":{"line":99,"column":30},"end":{"line":101,"column":9}},"line":99},"9":{"name":"(anonymous_9)","decl":{"start":{"line":106,"column":12},"end":{"line":106,"column":13}},"loc":{"start":{"line":106,"column":22},"end":{"line":106,"column":33}},"line":106},"10":{"name":"(anonymous_10)","decl":{"start":{"line":108,"column":11},"end":{"line":108,"column":12}},"loc":{"start":{"line":108,"column":31},"end":{"line":108,"column":46}},"line":108},"11":{"name":"(anonymous_11)","decl":{"start":{"line":118,"column":28},"end":{"line":118,"column":29}},"loc":{"start":{"line":118,"column":33},"end":{"line":130,"column":5}},"line":118},"12":{"name":"(anonymous_12)","decl":{"start":{"line":121,"column":47},"end":{"line":121,"column":48}},"loc":{"start":{"line":121,"column":55},"end":{"line":121,"column":77}},"line":121},"13":{"name":"(anonymous_13)","decl":{"start":{"line":122,"column":47},"end":{"line":122,"column":48}},"loc":{"start":{"line":122,"column":55},"end":{"line":122,"column":77}},"line":122}},"branchMap":{"0":{"loc":{"start":{"line":12,"column":2},"end":{"line":14,"column":3}},"type":"if","locations":[{"start":{"line":12,"column":2},"end":{"line":14,"column":3}},{"start":{},"end":{}}],"line":12},"1":{"loc":{"start":{"line":32,"column":4},"end":{"line":34,"column":5}},"type":"if","locations":[{"start":{"line":32,"column":4},"end":{"line":34,"column":5}},{"start":{},"end":{}}],"line":32},"2":{"loc":{"start":{"line":37,"column":4},"end":{"line":39,"column":5}},"type":"if","locations":[{"start":{"line":37,"column":4},"end":{"line":39,"column":5}},{"start":{},"end":{}}],"line":37},"3":{"loc":{"start":{"line":42,"column":4},"end":{"line":44,"column":5}},"type":"if","locations":[{"start":{"line":42,"column":4},"end":{"line":44,"column":5}},{"start":{},"end":{}}],"line":42},"4":{"loc":{"start":{"line":42,"column":8},"end":{"line":42,"column":42}},"type":"binary-expr","locations":[{"start":{"line":42,"column":8},"end":{"line":42,"column":24}},{"start":{"line":42,"column":28},"end":{"line":42,"column":42}}],"line":42},"5":{"loc":{"start":{"line":53,"column":4},"end":{"line":72,"column":5}},"type":"if","locations":[{"start":{"line":53,"column":4},"end":{"line":72,"column":5}},{"start":{},"end":{}}],"line":53},"6":{"loc":{"start":{"line":64,"column":17},"end":{"line":64,"column":68}},"type":"binary-expr","locations":[{"start":{"line":64,"column":17},"end":{"line":64,"column":42}},{"start":{"line":64,"column":46},"end":{"line":64,"column":68}}],"line":64},"7":{"loc":{"start":{"line":77,"column":6},"end":{"line":79,"column":7}},"type":"if","locations":[{"start":{"line":77,"column":6},"end":{"line":79,"column":7}},{"start":{},"end":{}}],"line":77},"8":{"loc":{"start":{"line":78,"column":32},"end":{"line":78,"column":57}},"type":"binary-expr","locations":[{"start":{"line":78,"column":32},"end":{"line":78,"column":52}},{"start":{"line":78,"column":56},"end":{"line":78,"column":57}}],"line":78},"9":{"loc":{"start":{"line":92,"column":6},"end":{"line":102,"column":7}},"type":"if","locations":[{"start":{"line":92,"column":6},"end":{"line":102,"column":7}},{"start":{},"end":{}}],"line":92},"10":{"loc":{"start":{"line":97,"column":26},"end":{"line":97,"column":65}},"type":"binary-expr","locations":[{"start":{"line":97,"column":26},"end":{"line":97,"column":41}},{"start":{"line":97,"column":45},"end":{"line":97,"column":65}}],"line":97},"11":{"loc":{"start":{"line":100,"column":30},"end":{"line":100,"column":51}},"type":"binary-expr","locations":[{"start":{"line":100,"column":30},"end":{"line":100,"column":46}},{"start":{"line":100,"column":50},"end":{"line":100,"column":51}}],"line":100},"12":{"loc":{"start":{"line":119,"column":6},"end":{"line":129,"column":7}},"type":"if","locations":[{"start":{"line":119,"column":6},"end":{"line":129,"column":7}},{"start":{"line":127,"column":13},"end":{"line":129,"column":7}}],"line":119},"13":{"loc":{"start":{"line":124,"column":8},"end":{"line":126,"column":22}},"type":"if","locations":[{"start":{"line":124,"column":8},"end":{"line":126,"column":22}},{"start":{"line":125,"column":13},"end":{"line":126,"column":22}}],"line":124},"14":{"loc":{"start":{"line":124,"column":12},"end":{"line":124,"column":39}},"type":"binary-expr","locations":[{"start":{"line":124,"column":12},"end":{"line":124,"column":23}},{"start":{"line":124,"column":27},"end":{"line":124,"column":39}}],"line":124},"15":{"loc":{"start":{"line":125,"column":13},"end":{"line":126,"column":22}},"type":"if","locations":[{"start":{"line":125,"column":13},"end":{"line":126,"column":22}},{"start":{"line":126,"column":13},"end":{"line":126,"column":22}}],"line":125},"16":{"loc":{"start":{"line":125,"column":17},"end":{"line":125,"column":44}},"type":"binary-expr","locations":[{"start":{"line":125,"column":17},"end":{"line":125,"column":28}},{"start":{"line":125,"column":32},"end":{"line":125,"column":44}}],"line":125},"17":{"loc":{"start":{"line":134,"column":16},"end":{"line":134,"column":86}},"type":"cond-expr","locations":[{"start":{"line":134,"column":37},"end":{"line":134,"column":82}},{"start":{"line":134,"column":85},"end":{"line":134,"column":86}}],"line":134},"18":{"loc":{"start":{"line":135,"column":16},"end":{"line":135,"column":86}},"type":"cond-expr","locations":[{"start":{"line":135,"column":37},"end":{"line":135,"column":82}},{"start":{"line":135,"column":85},"end":{"line":135,"column":86}}],"line":135},"19":{"loc":{"start":{"line":136,"column":15},"end":{"line":136,"column":84}},"type":"cond-expr","locations":[{"start":{"line":136,"column":36},"end":{"line":136,"column":80}},{"start":{"line":136,"column":83},"end":{"line":136,"column":84}}],"line":136},"20":{"loc":{"start":{"line":140,"column":27},"end":{"line":142,"column":9}},"type":"cond-expr","locations":[{"start":{"line":141,"column":8},"end":{"line":141,"column":54}},{"start":{"line":142,"column":8},"end":{"line":142,"column":9}}],"line":140}},"s":{"0":11,"1":11,"2":11,"3":11,"4":11,"5":7,"6":7,"7":1,"8":6,"9":6,"10":6,"11":1,"12":5,"13":1,"14":4,"15":2,"16":2,"17":2,"18":2,"19":2,"20":2,"21":2,"22":1,"23":1,"24":1,"25":1,"26":1,"27":2,"28":2,"29":2,"30":4,"31":4,"32":2,"33":2,"34":2,"35":2,"36":2,"37":2,"38":1,"39":2,"40":2,"41":2,"42":2,"43":2,"44":2,"45":5,"46":2,"47":4,"48":2,"49":3,"50":4,"51":2,"52":2,"53":2,"54":2,"55":2,"56":2,"57":2,"58":2,"59":2,"60":12,"61":2,"62":18,"63":2,"64":1,"65":1,"66":0,"67":1,"68":0,"69":2,"70":2,"71":2,"72":2,"73":2,"74":0,"75":0,"76":11},"f":{"0":7,"1":2,"2":4,"3":2,"4":1,"5":2,"6":2,"7":5,"8":4,"9":3,"10":4,"11":2,"12":12,"13":18},"b":{"0":[1,6],"1":[1,5],"2":[1,4],"3":[2,2],"4":[4,3],"5":[1,1],"6":[4,2],"7":[2,0],"8":[2,2],"9":[2,0],"10":[5,4],"11":[4,4],"12":[2,0],"13":[1,1],"14":[2,1],"15":[0,1],"16":[1,0],"17":[1,1],"18":[1,1],"19":[1,1],"20":[1,1]},"inputSourceMap":null,"_coverageSchema":"1a1c01bbd47fc00a2c39e90264f33305004495a9","hash":"ba3ca6a277655e8bf7d5e0a4f12c7672118bd3cb"}
,"E:\\EventPulse\\BACKEND\\src\\routes\\auth.js": {"path":"E:\\EventPulse\\BACKEND\\src\\routes\\auth.js","statementMap":{"0":{"start":{"line":2,"column":16},"end":{"line":2,"column":34}},"1":{"start":{"line":3,"column":15},"end":{"line":3,"column":34}},"2":{"start":{"line":4,"column":12},"end":{"line":4,"column":35}},"3":{"start":{"line":5,"column":45},"end":{"line":5,"column":77}},"4":{"start":{"line":6,"column":15},"end":{"line":6,"column":40}},"5":{"start":{"line":9,"column":15},"end":{"line":9,"column":31}},"6":{"start":{"line":10,"column":19},"end":{"line":10,"column":21}},"7":{"start":{"line":13,"column":0},"end":{"line":21,"column":2}},"8":{"start":{"line":14,"column":2},"end":{"line":20,"column":3}},"9":{"start":{"line":15,"column":18},"end":{"line":15,"column":46}},"10":{"start":{"line":16,"column":4},"end":{"line":16,"column":19}},"11":{"start":{"line":18,"column":4},"end":{"line":18,"column":22}},"12":{"start":{"line":19,"column":4},"end":{"line":19,"column":55}},"13":{"start":{"line":24,"column":0},"end":{"line":64,"column":2}},"14":{"start":{"line":25,"column":42},"end":{"line":25,"column":50}},"15":{"start":{"line":27,"column":2},"end":{"line":29,"column":3}},"16":{"start":{"line":28,"column":4},"end":{"line":28,"column":71}},"17":{"start":{"line":31,"column":2},"end":{"line":63,"column":3}},"18":{"start":{"line":32,"column":25},"end":{"line":32,"column":75}},"19":{"start":{"line":33,"column":4},"end":{"line":35,"column":5}},"20":{"start":{"line":34,"column":6},"end":{"line":34,"column":74}},"21":{"start":{"line":37,"column":27},"end":{"line":37,"column":66}},"22":{"start":{"line":39,"column":17},"end":{"line":46,"column":6}},"23":{"start":{"line":48,"column":18},"end":{"line":57,"column":5}},"24":{"start":{"line":59,"column":4},"end":{"line":59,"column":35}},"25":{"start":{"line":61,"column":4},"end":{"line":61,"column":47}},"26":{"start":{"line":62,"column":4},"end":{"line":62,"column":62}},"27":{"start":{"line":67,"column":0},"end":{"line":101,"column":2}},"28":{"start":{"line":68,"column":30},"end":{"line":68,"column":38}},"29":{"start":{"line":70,"column":2},"end":{"line":72,"column":3}},"30":{"start":{"line":71,"column":4},"end":{"line":71,"column":79}},"31":{"start":{"line":74,"column":2},"end":{"line":100,"column":3}},"32":{"start":{"line":75,"column":17},"end":{"line":75,"column":67}},"33":{"start":{"line":76,"column":4},"end":{"line":78,"column":5}},"34":{"start":{"line":77,"column":6},"end":{"line":77,"column":69}},"35":{"start":{"line":80,"column":26},"end":{"line":80,"column":71}},"36":{"start":{"line":81,"column":4},"end":{"line":83,"column":5}},"37":{"start":{"line":82,"column":6},"end":{"line":82,"column":69}},"38":{"start":{"line":85,"column":18},"end":{"line":94,"column":5}},"39":{"start":{"line":96,"column":4},"end":{"line":96,"column":23}},"40":{"start":{"line":98,"column":4},"end":{"line":98,"column":40}},"41":{"start":{"line":99,"column":4},"end":{"line":99,"column":62}},"42":{"start":{"line":103,"column":0},"end":{"line":103,"column":23}}},"fnMap":{"0":{"name":"(anonymous_0)","decl":{"start":{"line":13,"column":55},"end":{"line":13,"column":56}},"loc":{"start":{"line":13,"column":75},"end":{"line":21,"column":1}},"line":13},"1":{"name":"(anonymous_1)","decl":{"start":{"line":24,"column":25},"end":{"line":24,"column":26}},"loc":{"start":{"line":24,"column":45},"end":{"line":64,"column":1}},"line":24},"2":{"name":"(anonymous_2)","decl":{"start":{"line":67,"column":22},"end":{"line":67,"column":23}},"loc":{"start":{"line":67,"column":42},"end":{"line":101,"column":1}},"line":67}},"branchMap":{"0":{"loc":{"start":{"line":27,"column":2},"end":{"line":29,"column":3}},"type":"if","locations":[{"start":{"line":27,"column":2},"end":{"line":29,"column":3}},{"start":{},"end":{}}],"line":27},"1":{"loc":{"start":{"line":27,"column":6},"end":{"line":27,"column":34}},"type":"binary-expr","locations":[{"start":{"line":27,"column":6},"end":{"line":27,"column":11}},{"start":{"line":27,"column":15},"end":{"line":27,"column":21}},{"start":{"line":27,"column":25},"end":{"line":27,"column":34}}],"line":27},"2":{"loc":{"start":{"line":33,"column":4},"end":{"line":35,"column":5}},"type":"if","locations":[{"start":{"line":33,"column":4},"end":{"line":35,"column":5}},{"start":{},"end":{}}],"line":33},"3":{"loc":{"start":{"line":44,"column":14},"end":{"line":44,"column":32}},"type":"binary-expr","locations":[{"start":{"line":44,"column":14},"end":{"line":44,"column":18}},{"start":{"line":44,"column":22},"end":{"line":44,"column":32}}],"line":44},"4":{"loc":{"start":{"line":70,"column":2},"end":{"line":72,"column":3}},"type":"if","locations":[{"start":{"line":70,"column":2},"end":{"line":72,"column":3}},{"start":{},"end":{}}],"line":70},"5":{"loc":{"start":{"line":70,"column":6},"end":{"line":70,"column":25}},"type":"binary-expr","locations":[{"start":{"line":70,"column":6},"end":{"line":70,"column":12}},{"start":{"line":70,"column":16},"end":{"line":70,"column":25}}],"line":70},"6":{"loc":{"start":{"line":76,"column":4},"end":{"line":78,"column":5}},"type":"if","locations":[{"start":{"line":76,"column":4},"end":{"line":78,"column":5}},{"start":{},"end":{}}],"line":76},"7":{"loc":{"start":{"line":81,"column":4},"end":{"line":83,"column":5}},"type":"if","locations":[{"start":{"line":81,"column":4},"end":{"line":83,"column":5}},{"start":{},"end":{}}],"line":81}},"s":{"0":5,"1":5,"2":5,"3":5,"4":5,"5":5,"6":5,"7":5,"8":0,"9":0,"10":0,"11":0,"12":0,"13":5,"14":1,"15":1,"16":1,"17":0,"18":0,"19":0,"20":0,"21":0,"22":0,"23":0,"24":0,"25":0,"26":0,"27":5,"28":1,"29":1,"30":1,"31":0,"32":0,"33":0,"34":0,"35":0,"36":0,"37":0,"38":0,"39":0,"40":0,"41":0,"42":5},"f":{"0":0,"1":1,"2":1},"b":{"0":[1,0],"1":[1,0,0],"2":[0,0],"3":[0,0],"4":[1,0],"5":[1,0],"6":[0,0],"7":[0,0]},"inputSourceMap":null,"_coverageSchema":"1a1c01bbd47fc00a2c39e90264f33305004495a9","hash":"7f60b5b7881baa5d63505c92ce358aece5c0d9d7"}
,"E:\\EventPulse\\BACKEND\\src\\routes\\events.js": {"path":"E:\\EventPulse\\BACKEND\\src\\routes\\events.js","statementMap":{"0":{"start":{"line":1,"column":16},"end":{"line":1,"column":34}},"1":{"start":{"line":2,"column":45},"end":{"line":2,"column":77}},"2":{"start":{"line":3,"column":15},"end":{"line":3,"column":40}},"3":{"start":{"line":5,"column":15},"end":{"line":5,"column":31}},"4":{"start":{"line":10,"column":0},"end":{"line":35,"column":3}},"5":{"start":{"line":11,"column":2},"end":{"line":34,"column":3}},"6":{"start":{"line":12,"column":19},"end":{"line":28,"column":6}},"7":{"start":{"line":30,"column":4},"end":{"line":30,"column":21}},"8":{"start":{"line":32,"column":4},"end":{"line":32,"column":51}},"9":{"start":{"line":33,"column":4},"end":{"line":33,"column":63}},"10":{"start":{"line":39,"column":0},"end":{"line":57,"column":3}},"11":{"start":{"line":40,"column":91},"end":{"line":40,"column":99}},"12":{"start":{"line":42,"column":2},"end":{"line":44,"column":3}},"13":{"start":{"line":43,"column":4},"end":{"line":43,"column":72}},"14":{"start":{"line":46,"column":2},"end":{"line":56,"column":3}},"15":{"start":{"line":47,"column":18},"end":{"line":47,"column":63}},"16":{"start":{"line":48,"column":4},"end":{"line":48,"column":32}},"17":{"start":{"line":50,"column":4},"end":{"line":55,"column":5}},"18":{"start":{"line":51,"column":6},"end":{"line":51,"column":64}},"19":{"start":{"line":53,"column":6},"end":{"line":53,"column":52}},"20":{"start":{"line":54,"column":6},"end":{"line":54,"column":65}},"21":{"start":{"line":60,"column":0},"end":{"line":101,"column":3}},"22":{"start":{"line":61,"column":18},"end":{"line":61,"column":41}},"23":{"start":{"line":63,"column":2},"end":{"line":65,"column":3}},"24":{"start":{"line":64,"column":4},"end":{"line":64,"column":65}},"25":{"start":{"line":67,"column":2},"end":{"line":100,"column":3}},"26":{"start":{"line":68,"column":18},"end":{"line":90,"column":6}},"27":{"start":{"line":92,"column":4},"end":{"line":94,"column":5}},"28":{"start":{"line":93,"column":6},"end":{"line":93,"column":66}},"29":{"start":{"line":96,"column":4},"end":{"line":96,"column":20}},"30":{"start":{"line":98,"column":4},"end":{"line":98,"column":50}},"31":{"start":{"line":99,"column":4},"end":{"line":99,"column":63}},"32":{"start":{"line":104,"column":0},"end":{"line":136,"column":3}},"33":{"start":{"line":105,"column":18},"end":{"line":105,"column":41}},"34":{"start":{"line":106,"column":91},"end":{"line":106,"column":99}},"35":{"start":{"line":108,"column":2},"end":{"line":110,"column":3}},"36":{"start":{"line":109,"column":4},"end":{"line":109,"column":65}},"37":{"start":{"line":112,"column":2},"end":{"line":135,"column":3}},"38":{"start":{"line":113,"column":25},"end":{"line":129,"column":6}},"39":{"start":{"line":131,"column":4},"end":{"line":131,"column":27}},"40":{"start":{"line":133,"column":4},"end":{"line":133,"column":50}},"41":{"start":{"line":134,"column":4},"end":{"line":134,"column":63}},"42":{"start":{"line":139,"column":0},"end":{"line":156,"column":3}},"43":{"start":{"line":140,"column":18},"end":{"line":140,"column":41}},"44":{"start":{"line":142,"column":2},"end":{"line":144,"column":3}},"45":{"start":{"line":143,"column":4},"end":{"line":143,"column":65}},"46":{"start":{"line":146,"column":2},"end":{"line":155,"column":3}},"47":{"start":{"line":147,"column":4},"end":{"line":147,"column":61}},"48":{"start":{"line":148,"column":4},"end":{"line":148,"column":57}},"49":{"start":{"line":149,"column":4},"end":{"line":149,"column":58}},"50":{"start":{"line":151,"column":4},"end":{"line":151,"column":27}},"51":{"start":{"line":153,"column":4},"end":{"line":153,"column":50}},"52":{"start":{"line":154,"column":4},"end":{"line":154,"column":63}},"53":{"start":{"line":158,"column":0},"end":{"line":158,"column":24}}},"fnMap":{"0":{"name":"(anonymous_0)","decl":{"start":{"line":10,"column":35},"end":{"line":10,"column":36}},"loc":{"start":{"line":10,"column":55},"end":{"line":35,"column":1}},"line":10},"1":{"name":"(anonymous_1)","decl":{"start":{"line":39,"column":51},"end":{"line":39,"column":52}},"loc":{"start":{"line":39,"column":71},"end":{"line":57,"column":1}},"line":39},"2":{"name":"(anonymous_2)","decl":{"start":{"line":60,"column":38},"end":{"line":60,"column":39}},"loc":{"start":{"line":60,"column":58},"end":{"line":101,"column":1}},"line":60},"3":{"name":"(anonymous_3)","decl":{"start":{"line":104,"column":53},"end":{"line":104,"column":54}},"loc":{"start":{"line":104,"column":73},"end":{"line":136,"column":1}},"line":104},"4":{"name":"(anonymous_4)","decl":{"start":{"line":139,"column":56},"end":{"line":139,"column":57}},"loc":{"start":{"line":139,"column":76},"end":{"line":156,"column":1}},"line":139}},"branchMap":{"0":{"loc":{"start":{"line":42,"column":2},"end":{"line":44,"column":3}},"type":"if","locations":[{"start":{"line":42,"column":2},"end":{"line":44,"column":3}},{"start":{},"end":{}}],"line":42},"1":{"loc":{"start":{"line":42,"column":6},"end":{"line":42,"column":85}},"type":"binary-expr","locations":[{"start":{"line":42,"column":6},"end":{"line":42,"column":12}},{"start":{"line":42,"column":16},"end":{"line":42,"column":25}},{"start":{"line":42,"column":29},"end":{"line":42,"column":39}},{"start":{"line":42,"column":43},"end":{"line":42,"column":51}},{"start":{"line":42,"column":55},"end":{"line":42,"column":68}},{"start":{"line":42,"column":72},"end":{"line":42,"column":85}}],"line":42},"2":{"loc":{"start":{"line":50,"column":4},"end":{"line":55,"column":5}},"type":"if","locations":[{"start":{"line":50,"column":4},"end":{"line":55,"column":5}},{"start":{"line":52,"column":11},"end":{"line":55,"column":5}}],"line":50},"3":{"loc":{"start":{"line":63,"column":2},"end":{"line":65,"column":3}},"type":"if","locations":[{"start":{"line":63,"column":2},"end":{"line":65,"column":3}},{"start":{},"end":{}}],"line":63},"4":{"loc":{"start":{"line":92,"column":4},"end":{"line":94,"column":5}},"type":"if","locations":[{"start":{"line":92,"column":4},"end":{"line":94,"column":5}},{"start":{},"end":{}}],"line":92},"5":{"loc":{"start":{"line":108,"column":2},"end":{"line":110,"column":3}},"type":"if","locations":[{"start":{"line":108,"column":2},"end":{"line":110,"column":3}},{"start":{},"end":{}}],"line":108},"6":{"loc":{"start":{"line":117,"column":21},"end":{"line":117,"column":38}},"type":"binary-expr","locations":[{"start":{"line":117,"column":21},"end":{"line":117,"column":32}},{"start":{"line":117,"column":36},"end":{"line":117,"column":38}}],"line":117},"7":{"loc":{"start":{"line":142,"column":2},"end":{"line":144,"column":3}},"type":"if","locations":[{"start":{"line":142,"column":2},"end":{"line":144,"column":3}},{"start":{},"end":{}}],"line":142}},"s":{"0":13,"1":13,"2":13,"3":13,"4":13,"5":1,"6":1,"7":1,"8":0,"9":0,"10":13,"11":3,"12":3,"13":1,"14":2,"15":2,"16":1,"17":1,"18":1,"19":0,"20":0,"21":13,"22":0,"23":0,"24":0,"25":0,"26":0,"27":0,"28":0,"29":0,"30":0,"31":0,"32":13,"33":0,"34":0,"35":0,"36":0,"37":0,"38":0,"39":0,"40":0,"41":0,"42":13,"43":0,"44":0,"45":0,"46":0,"47":0,"48":0,"49":0,"50":0,"51":0,"52":0,"53":13},"f":{"0":1,"1":3,"2":0,"3":0,"4":0},"b":{"0":[1,2],"1":[3,3,2,2,2,2],"2":[1,0],"3":[0,0],"4":[0,0],"5":[0,0],"6":[0,0],"7":[0,0]},"inputSourceMap":null,"_coverageSchema":"1a1c01bbd47fc00a2c39e90264f33305004495a9","hash":"8e7a4dee4e839cd3418e552fc4aa1d6ec0876652"}
,"E:\\EventPulse\\BACKEND\\src\\routes\\feedback.js": {"path":"E:\\EventPulse\\BACKEND\\src\\routes\\feedback.js","statementMap":{"0":{"start":{"line":2,"column":16},"end":{"line":2,"column":34}},"1":{"start":{"line":3,"column":45},"end":{"line":3,"column":77}},"2":{"start":{"line":4,"column":15},"end":{"line":4,"column":40}},"3":{"start":{"line":7,"column":15},"end":{"line":7,"column":31}},"4":{"start":{"line":11,"column":0},"end":{"line":51,"column":2}},"5":{"start":{"line":12,"column":38},"end":{"line":12,"column":46}},"6":{"start":{"line":14,"column":2},"end":{"line":16,"column":3}},"7":{"start":{"line":15,"column":4},"end":{"line":15,"column":90}},"8":{"start":{"line":18,"column":2},"end":{"line":50,"column":3}},"9":{"start":{"line":20,"column":18},"end":{"line":20,"column":85}},"10":{"start":{"line":21,"column":4},"end":{"line":23,"column":5}},"11":{"start":{"line":22,"column":6},"end":{"line":22,"column":65}},"12":{"start":{"line":26,"column":16},"end":{"line":26,"column":26}},"13":{"start":{"line":27,"column":4},"end":{"line":29,"column":5}},"14":{"start":{"line":28,"column":6},"end":{"line":28,"column":97}},"15":{"start":{"line":32,"column":21},"end":{"line":44,"column":6}},"16":{"start":{"line":46,"column":4},"end":{"line":46,"column":34}},"17":{"start":{"line":48,"column":4},"end":{"line":48,"column":52}},"18":{"start":{"line":49,"column":4},"end":{"line":49,"column":62}},"19":{"start":{"line":54,"column":0},"end":{"line":93,"column":2}},"20":{"start":{"line":55,"column":21},"end":{"line":55,"column":44}},"21":{"start":{"line":57,"column":2},"end":{"line":59,"column":3}},"22":{"start":{"line":58,"column":4},"end":{"line":58,"column":67}},"23":{"start":{"line":61,"column":2},"end":{"line":92,"column":3}},"24":{"start":{"line":63,"column":21},"end":{"line":66,"column":6}},"25":{"start":{"line":68,"column":4},"end":{"line":70,"column":5}},"26":{"start":{"line":69,"column":6},"end":{"line":69,"column":68}},"27":{"start":{"line":73,"column":4},"end":{"line":75,"column":5}},"28":{"start":{"line":74,"column":6},"end":{"line":74,"column":62}},"29":{"start":{"line":78,"column":28},"end":{"line":86,"column":6}},"30":{"start":{"line":88,"column":4},"end":{"line":88,"column":29}},"31":{"start":{"line":90,"column":4},"end":{"line":90,"column":47}},"32":{"start":{"line":91,"column":4},"end":{"line":91,"column":62}},"33":{"start":{"line":96,"column":0},"end":{"line":135,"column":2}},"34":{"start":{"line":97,"column":21},"end":{"line":97,"column":44}},"35":{"start":{"line":99,"column":2},"end":{"line":101,"column":3}},"36":{"start":{"line":100,"column":4},"end":{"line":100,"column":67}},"37":{"start":{"line":103,"column":2},"end":{"line":134,"column":3}},"38":{"start":{"line":105,"column":21},"end":{"line":108,"column":6}},"39":{"start":{"line":110,"column":4},"end":{"line":112,"column":5}},"40":{"start":{"line":111,"column":6},"end":{"line":111,"column":68}},"41":{"start":{"line":115,"column":4},"end":{"line":117,"column":5}},"42":{"start":{"line":116,"column":6},"end":{"line":116,"column":62}},"43":{"start":{"line":120,"column":28},"end":{"line":128,"column":6}},"44":{"start":{"line":130,"column":4},"end":{"line":130,"column":29}},"45":{"start":{"line":132,"column":4},"end":{"line":132,"column":48}},"46":{"start":{"line":133,"column":4},"end":{"line":133,"column":62}},"47":{"start":{"line":137,"column":0},"end":{"line":137,"column":23}}},"fnMap":{"0":{"name":"(anonymous_0)","decl":{"start":{"line":11,"column":35},"end":{"line":11,"column":36}},"loc":{"start":{"line":11,"column":55},"end":{"line":51,"column":1}},"line":11},"1":{"name":"(anonymous_1)","decl":{"start":{"line":54,"column":56},"end":{"line":54,"column":57}},"loc":{"start":{"line":54,"column":76},"end":{"line":93,"column":1}},"line":54},"2":{"name":"(anonymous_2)","decl":{"start":{"line":96,"column":57},"end":{"line":96,"column":58}},"loc":{"start":{"line":96,"column":77},"end":{"line":135,"column":1}},"line":96}},"branchMap":{"0":{"loc":{"start":{"line":14,"column":2},"end":{"line":16,"column":3}},"type":"if","locations":[{"start":{"line":14,"column":2},"end":{"line":16,"column":3}},{"start":{},"end":{}}],"line":14},"1":{"loc":{"start":{"line":14,"column":6},"end":{"line":14,"column":38}},"type":"binary-expr","locations":[{"start":{"line":14,"column":6},"end":{"line":14,"column":14}},{"start":{"line":14,"column":19},"end":{"line":14,"column":27}},{"start":{"line":14,"column":31},"end":{"line":14,"column":37}}],"line":14},"2":{"loc":{"start":{"line":21,"column":4},"end":{"line":23,"column":5}},"type":"if","locations":[{"start":{"line":21,"column":4},"end":{"line":23,"column":5}},{"start":{},"end":{}}],"line":21},"3":{"loc":{"start":{"line":27,"column":4},"end":{"line":29,"column":5}},"type":"if","locations":[{"start":{"line":27,"column":4},"end":{"line":29,"column":5}},{"start":{},"end":{}}],"line":27},"4":{"loc":{"start":{"line":27,"column":8},"end":{"line":27,"column":72}},"type":"binary-expr","locations":[{"start":{"line":27,"column":8},"end":{"line":27,"column":39}},{"start":{"line":27,"column":43},"end":{"line":27,"column":72}}],"line":27},"5":{"loc":{"start":{"line":34,"column":17},"end":{"line":34,"column":30}},"type":"binary-expr","locations":[{"start":{"line":34,"column":17},"end":{"line":34,"column":24}},{"start":{"line":34,"column":28},"end":{"line":34,"column":30}}],"line":34},"6":{"loc":{"start":{"line":35,"column":15},"end":{"line":35,"column":28}},"type":"binary-expr","locations":[{"start":{"line":35,"column":15},"end":{"line":35,"column":20}},{"start":{"line":35,"column":24},"end":{"line":35,"column":28}}],"line":35},"7":{"loc":{"start":{"line":57,"column":2},"end":{"line":59,"column":3}},"type":"if","locations":[{"start":{"line":57,"column":2},"end":{"line":59,"column":3}},{"start":{},"end":{}}],"line":57},"8":{"loc":{"start":{"line":68,"column":4},"end":{"line":70,"column":5}},"type":"if","locations":[{"start":{"line":68,"column":4},"end":{"line":70,"column":5}},{"start":{},"end":{}}],"line":68},"9":{"loc":{"start":{"line":73,"column":4},"end":{"line":75,"column":5}},"type":"if","locations":[{"start":{"line":73,"column":4},"end":{"line":75,"column":5}},{"start":{},"end":{}}],"line":73},"10":{"loc":{"start":{"line":99,"column":2},"end":{"line":101,"column":3}},"type":"if","locations":[{"start":{"line":99,"column":2},"end":{"line":101,"column":3}},{"start":{},"end":{}}],"line":99},"11":{"loc":{"start":{"line":110,"column":4},"end":{"line":112,"column":5}},"type":"if","locations":[{"start":{"line":110,"column":4},"end":{"line":112,"column":5}},{"start":{},"end":{}}],"line":110},"12":{"loc":{"start":{"line":115,"column":4},"end":{"line":117,"column":5}},"type":"if","locations":[{"start":{"line":115,"column":4},"end":{"line":117,"column":5}},{"start":{},"end":{}}],"line":115}},"s":{"0":17,"1":17,"2":17,"3":17,"4":17,"5":4,"6":4,"7":1,"8":3,"9":3,"10":3,"11":1,"12":2,"13":2,"14":1,"15":1,"16":1,"17":0,"18":0,"19":17,"20":4,"21":4,"22":1,"23":3,"24":3,"25":3,"26":1,"27":2,"28":1,"29":1,"30":1,"31":0,"32":0,"33":17,"34":4,"35":4,"36":1,"37":3,"38":3,"39":3,"40":1,"41":2,"42":1,"43":1,"44":1,"45":0,"46":0,"47":17},"f":{"0":4,"1":4,"2":4},"b":{"0":[1,3],"1":[4,3,0],"2":[1,2],"3":[1,1],"4":[2,1],"5":[1,0],"6":[1,0],"7":[1,3],"8":[1,2],"9":[1,1],"10":[1,3],"11":[1,2],"12":[1,1]},"inputSourceMap":null,"_coverageSchema":"1a1c01bbd47fc00a2c39e90264f33305004495a9","hash":"d5a8df9d8890e3a689f50e3f51907c1ad4275d01"}
,"E:\\EventPulse\\BACKEND\\src\\routes\\rsvp.js": {"path":"E:\\EventPulse\\BACKEND\\src\\routes\\rsvp.js","statementMap":{"0":{"start":{"line":2,"column":16},"end":{"line":2,"column":34}},"1":{"start":{"line":3,"column":15},"end":{"line":3,"column":40}},"2":{"start":{"line":4,"column":45},"end":{"line":4,"column":77}},"3":{"start":{"line":6,"column":15},"end":{"line":6,"column":31}},"4":{"start":{"line":9,"column":0},"end":{"line":62,"column":2}},"5":{"start":{"line":10,"column":18},"end":{"line":10,"column":46}},"6":{"start":{"line":12,"column":2},"end":{"line":14,"column":3}},"7":{"start":{"line":13,"column":4},"end":{"line":13,"column":64}},"8":{"start":{"line":16,"column":2},"end":{"line":61,"column":3}},"9":{"start":{"line":18,"column":18},"end":{"line":21,"column":6}},"10":{"start":{"line":23,"column":4},"end":{"line":25,"column":5}},"11":{"start":{"line":24,"column":6},"end":{"line":24,"column":65}},"12":{"start":{"line":28,"column":16},"end":{"line":28,"column":26}},"13":{"start":{"line":29,"column":4},"end":{"line":31,"column":5}},"14":{"start":{"line":30,"column":6},"end":{"line":30,"column":74}},"15":{"start":{"line":34,"column":25},"end":{"line":34,"column":78}},"16":{"start":{"line":34,"column":50},"end":{"line":34,"column":77}},"17":{"start":{"line":35,"column":4},"end":{"line":37,"column":5}},"18":{"start":{"line":36,"column":6},"end":{"line":36,"column":79}},"19":{"start":{"line":40,"column":4},"end":{"line":42,"column":5}},"20":{"start":{"line":41,"column":6},"end":{"line":41,"column":75}},"21":{"start":{"line":45,"column":17},"end":{"line":55,"column":6}},"22":{"start":{"line":57,"column":4},"end":{"line":57,"column":30}},"23":{"start":{"line":59,"column":4},"end":{"line":59,"column":39}},"24":{"start":{"line":60,"column":4},"end":{"line":60,"column":62}},"25":{"start":{"line":65,"column":0},"end":{"line":120,"column":2}},"26":{"start":{"line":66,"column":18},"end":{"line":66,"column":46}},"27":{"start":{"line":68,"column":2},"end":{"line":70,"column":3}},"28":{"start":{"line":69,"column":4},"end":{"line":69,"column":64}},"29":{"start":{"line":72,"column":2},"end":{"line":119,"column":3}},"30":{"start":{"line":74,"column":18},"end":{"line":77,"column":6}},"31":{"start":{"line":79,"column":4},"end":{"line":81,"column":5}},"32":{"start":{"line":80,"column":6},"end":{"line":80,"column":65}},"33":{"start":{"line":84,"column":21},"end":{"line":84,"column":74}},"34":{"start":{"line":84,"column":46},"end":{"line":84,"column":73}},"35":{"start":{"line":85,"column":4},"end":{"line":87,"column":5}},"36":{"start":{"line":86,"column":6},"end":{"line":86,"column":82}},"37":{"start":{"line":90,"column":4},"end":{"line":92,"column":5}},"38":{"start":{"line":91,"column":6},"end":{"line":91,"column":68}},"39":{"start":{"line":95,"column":16},"end":{"line":95,"column":26}},"40":{"start":{"line":96,"column":22},"end":{"line":96,"column":47}},"41":{"start":{"line":97,"column":20},"end":{"line":97,"column":43}},"42":{"start":{"line":98,"column":25},"end":{"line":98,"column":71}},"43":{"start":{"line":100,"column":4},"end":{"line":102,"column":5}},"44":{"start":{"line":101,"column":6},"end":{"line":101,"column":88}},"45":{"start":{"line":105,"column":24},"end":{"line":113,"column":6}},"46":{"start":{"line":115,"column":4},"end":{"line":115,"column":25}},"47":{"start":{"line":117,"column":4},"end":{"line":117,"column":43}},"48":{"start":{"line":118,"column":4},"end":{"line":118,"column":62}},"49":{"start":{"line":123,"column":0},"end":{"line":169,"column":2}},"50":{"start":{"line":124,"column":18},"end":{"line":124,"column":46}},"51":{"start":{"line":125,"column":17},"end":{"line":125,"column":44}},"52":{"start":{"line":127,"column":2},"end":{"line":129,"column":3}},"53":{"start":{"line":128,"column":4},"end":{"line":128,"column":59}},"54":{"start":{"line":131,"column":2},"end":{"line":168,"column":3}},"55":{"start":{"line":133,"column":18},"end":{"line":136,"column":6}},"56":{"start":{"line":138,"column":4},"end":{"line":140,"column":5}},"57":{"start":{"line":139,"column":6},"end":{"line":139,"column":65}},"58":{"start":{"line":143,"column":21},"end":{"line":143,"column":69}},"59":{"start":{"line":143,"column":46},"end":{"line":143,"column":68}},"60":{"start":{"line":144,"column":4},"end":{"line":146,"column":5}},"61":{"start":{"line":145,"column":6},"end":{"line":145,"column":84}},"62":{"start":{"line":149,"column":4},"end":{"line":151,"column":5}},"63":{"start":{"line":150,"column":6},"end":{"line":150,"column":73}},"64":{"start":{"line":154,"column":24},"end":{"line":162,"column":6}},"65":{"start":{"line":164,"column":4},"end":{"line":164,"column":25}},"66":{"start":{"line":166,"column":4},"end":{"line":166,"column":48}},"67":{"start":{"line":167,"column":4},"end":{"line":167,"column":62}},"68":{"start":{"line":171,"column":0},"end":{"line":171,"column":23}}},"fnMap":{"0":{"name":"(anonymous_0)","decl":{"start":{"line":9,"column":43},"end":{"line":9,"column":44}},"loc":{"start":{"line":9,"column":63},"end":{"line":62,"column":1}},"line":9},"1":{"name":"(anonymous_1)","decl":{"start":{"line":34,"column":42},"end":{"line":34,"column":43}},"loc":{"start":{"line":34,"column":50},"end":{"line":34,"column":77}},"line":34},"2":{"name":"(anonymous_2)","decl":{"start":{"line":65,"column":52},"end":{"line":65,"column":53}},"loc":{"start":{"line":65,"column":72},"end":{"line":120,"column":1}},"line":65},"3":{"name":"(anonymous_3)","decl":{"start":{"line":84,"column":38},"end":{"line":84,"column":39}},"loc":{"start":{"line":84,"column":46},"end":{"line":84,"column":73}},"line":84},"4":{"name":"(anonymous_4)","decl":{"start":{"line":123,"column":75},"end":{"line":123,"column":76}},"loc":{"start":{"line":123,"column":95},"end":{"line":169,"column":1}},"line":123},"5":{"name":"(anonymous_5)","decl":{"start":{"line":143,"column":38},"end":{"line":143,"column":39}},"loc":{"start":{"line":143,"column":46},"end":{"line":143,"column":68}},"line":143}},"branchMap":{"0":{"loc":{"start":{"line":12,"column":2},"end":{"line":14,"column":3}},"type":"if","locations":[{"start":{"line":12,"column":2},"end":{"line":14,"column":3}},{"start":{},"end":{}}],"line":12},"1":{"loc":{"start":{"line":23,"column":4},"end":{"line":25,"column":5}},"type":"if","locations":[{"start":{"line":23,"column":4},"end":{"line":25,"column":5}},{"start":{},"end":{}}],"line":23},"2":{"loc":{"start":{"line":29,"column":4},"end":{"line":31,"column":5}},"type":"if","locations":[{"start":{"line":29,"column":4},"end":{"line":31,"column":5}},{"start":{},"end":{}}],"line":29},"3":{"loc":{"start":{"line":35,"column":4},"end":{"line":37,"column":5}},"type":"if","locations":[{"start":{"line":35,"column":4},"end":{"line":37,"column":5}},{"start":{},"end":{}}],"line":35},"4":{"loc":{"start":{"line":40,"column":4},"end":{"line":42,"column":5}},"type":"if","locations":[{"start":{"line":40,"column":4},"end":{"line":42,"column":5}},{"start":{},"end":{}}],"line":40},"5":{"loc":{"start":{"line":68,"column":2},"end":{"line":70,"column":3}},"type":"if","locations":[{"start":{"line":68,"column":2},"end":{"line":70,"column":3}},{"start":{},"end":{}}],"line":68},"6":{"loc":{"start":{"line":79,"column":4},"end":{"line":81,"column":5}},"type":"if","locations":[{"start":{"line":79,"column":4},"end":{"line":81,"column":5}},{"start":{},"end":{}}],"line":79},"7":{"loc":{"start":{"line":85,"column":4},"end":{"line":87,"column":5}},"type":"if","locations":[{"start":{"line":85,"column":4},"end":{"line":87,"column":5}},{"start":{},"end":{}}],"line":85},"8":{"loc":{"start":{"line":90,"column":4},"end":{"line":92,"column":5}},"type":"if","locations":[{"start":{"line":90,"column":4},"end":{"line":92,"column":5}},{"start":{},"end":{}}],"line":90},"9":{"loc":{"start":{"line":100,"column":4},"end":{"line":102,"column":5}},"type":"if","locations":[{"start":{"line":100,"column":4},"end":{"line":102,"column":5}},{"start":{},"end":{}}],"line":100},"10":{"loc":{"start":{"line":100,"column":8},"end":{"line":100,"column":43}},"type":"binary-expr","locations":[{"start":{"line":100,"column":8},"end":{"line":100,"column":26}},{"start":{"line":100,"column":30},"end":{"line":100,"column":43}}],"line":100},"11":{"loc":{"start":{"line":127,"column":2},"end":{"line":129,"column":3}},"type":"if","locations":[{"start":{"line":127,"column":2},"end":{"line":129,"column":3}},{"start":{},"end":{}}],"line":127},"12":{"loc":{"start":{"line":127,"column":6},"end":{"line":127,"column":37}},"type":"binary-expr","locations":[{"start":{"line":127,"column":6},"end":{"line":127,"column":20}},{"start":{"line":127,"column":24},"end":{"line":127,"column":37}}],"line":127},"13":{"loc":{"start":{"line":138,"column":4},"end":{"line":140,"column":5}},"type":"if","locations":[{"start":{"line":138,"column":4},"end":{"line":140,"column":5}},{"start":{},"end":{}}],"line":138},"14":{"loc":{"start":{"line":144,"column":4},"end":{"line":146,"column":5}},"type":"if","locations":[{"start":{"line":144,"column":4},"end":{"line":146,"column":5}},{"start":{},"end":{}}],"line":144},"15":{"loc":{"start":{"line":149,"column":4},"end":{"line":151,"column":5}},"type":"if","locations":[{"start":{"line":149,"column":4},"end":{"line":151,"column":5}},{"start":{},"end":{}}],"line":149}},"s":{"0":20,"1":20,"2":20,"3":20,"4":20,"5":6,"6":6,"7":1,"8":5,"9":5,"10":5,"11":1,"12":4,"13":4,"14":1,"15":3,"16":2,"17":3,"18":1,"19":2,"20":1,"21":1,"22":1,"23":0,"24":0,"25":20,"26":4,"27":4,"28":0,"29":4,"30":4,"31":4,"32":0,"33":4,"34":3,"35":4,"36":1,"37":3,"38":1,"39":2,"40":2,"41":2,"42":2,"43":2,"44":1,"45":1,"46":1,"47":0,"48":0,"49":20,"50":5,"51":5,"52":5,"53":1,"54":4,"55":4,"56":4,"57":1,"58":3,"59":2,"60":3,"61":1,"62":2,"63":1,"64":1,"65":1,"66":0,"67":0,"68":20},"f":{"0":6,"1":2,"2":4,"3":3,"4":5,"5":2},"b":{"0":[1,5],"1":[1,4],"2":[1,3],"3":[1,2],"4":[1,1],"5":[0,4],"6":[0,4],"7":[1,3],"8":[1,2],"9":[1,1],"10":[2,1],"11":[1,4],"12":[5,4],"13":[1,3],"14":[1,2],"15":[1,1]},"inputSourceMap":null,"_coverageSchema":"1a1c01bbd47fc00a2c39e90264f33305004495a9","hash":"6a4b5fb54e5c30b82937b58525580a37bcc54e21"}
,"E:\\EventPulse\\BACKEND\\src\\utils\\db.js": {"path":"E:\\EventPulse\\BACKEND\\src\\utils\\db.js","statementMap":{"0":{"start":{"line":2,"column":25},"end":{"line":2,"column":50}},"1":{"start":{"line":4,"column":15},"end":{"line":4,"column":33}},"2":{"start":{"line":6,"column":18},"end":{"line":14,"column":1}},"3":{"start":{"line":7,"column":2},"end":{"line":13,"column":3}},"4":{"start":{"line":8,"column":4},"end":{"line":8,"column":28}},"5":{"start":{"line":9,"column":4},"end":{"line":9,"column":51}},"6":{"start":{"line":11,"column":4},"end":{"line":11,"column":56}},"7":{"start":{"line":12,"column":4},"end":{"line":12,"column":20}},"8":{"start":{"line":16,"column":0},"end":{"line":16,"column":24}},"9":{"start":{"line":17,"column":0},"end":{"line":17,"column":37}}},"fnMap":{"0":{"name":"(anonymous_0)","decl":{"start":{"line":6,"column":18},"end":{"line":6,"column":19}},"loc":{"start":{"line":6,"column":30},"end":{"line":14,"column":1}},"line":6}},"branchMap":{},"s":{"0":5,"1":5,"2":5,"3":0,"4":0,"5":0,"6":0,"7":0,"8":5,"9":5},"f":{"0":0},"b":{},"inputSourceMap":null,"_coverageSchema":"1a1c01bbd47fc00a2c39e90264f33305004495a9","hash":"71fa86504d86df67d6968bd293a7d8b90a9c7bc8"}
}
