TN:
SF:src\app.js
FN:32,(anonymous_0)
FN:37,(anonymous_1)
FNF:2
FNH:0
FNDA:0,(anonymous_0)
FNDA:0,(anonymous_1)
DA:2,5
DA:3,5
DA:4,5
DA:5,5
DA:6,5
DA:7,5
DA:8,5
DA:9,5
DA:10,5
DA:11,5
DA:13,5
DA:15,5
DA:18,5
DA:22,5
DA:25,5
DA:26,5
DA:27,5
DA:28,5
DA:29,5
DA:32,5
DA:33,0
DA:37,5
DA:38,0
DA:39,0
DA:42,5
DA:43,5
LF:26
LH:23
BRF:0
BRH:0
end_of_record
TN:
SF:src\middleware\auth.js
FN:5,(anonymous_0)
FN:24,(anonymous_1)
FNF:2
FNH:1
FNDA:1,(anonymous_0)
FNDA:0,(anonymous_1)
DA:2,5
DA:5,5
DA:6,1
DA:7,1
DA:9,1
DA:10,1
DA:13,0
DA:14,0
DA:15,0
DA:16,0
DA:18,0
DA:19,0
DA:24,5
DA:25,0
DA:26,0
DA:28,0
DA:31,5
LF:17
LH:8
BRDA:7,0,0,1
BRDA:7,0,1,0
BRDA:9,1,0,1
BRDA:9,1,1,0
BRDA:25,2,0,0
BRDA:25,2,1,0
BRDA:25,3,0,0
BRDA:25,3,1,0
BRF:8
BRH:2
end_of_record
TN:
SF:src\routes\analytics.js
FN:9,(anonymous_0)
FN:48,(anonymous_1)
FN:62,(anonymous_2)
FN:76,(anonymous_3)
FN:83,(anonymous_4)
FN:85,(anonymous_5)
FN:91,(anonymous_6)
FN:97,(anonymous_7)
FN:99,(anonymous_8)
FN:106,(anonymous_9)
FN:108,(anonymous_10)
FN:118,(anonymous_11)
FN:121,(anonymous_12)
FN:122,(anonymous_13)
FNF:14
FNH:14
FNDA:7,(anonymous_0)
FNDA:2,(anonymous_1)
FNDA:4,(anonymous_2)
FNDA:2,(anonymous_3)
FNDA:1,(anonymous_4)
FNDA:2,(anonymous_5)
FNDA:2,(anonymous_6)
FNDA:5,(anonymous_7)
FNDA:4,(anonymous_8)
FNDA:3,(anonymous_9)
FNDA:4,(anonymous_10)
FNDA:2,(anonymous_11)
FNDA:12,(anonymous_12)
FNDA:18,(anonymous_13)
DA:2,11
DA:3,11
DA:4,11
DA:6,11
DA:9,11
DA:10,7
DA:12,7
DA:13,1
DA:16,6
DA:18,6
DA:32,6
DA:33,1
DA:37,5
DA:38,1
DA:42,4
DA:43,2
DA:47,2
DA:48,2
DA:49,2
DA:52,2
DA:53,2
DA:54,1
DA:55,1
DA:56,1
DA:58,1
DA:59,2
DA:60,2
DA:62,2
DA:63,4
DA:64,4
DA:67,2
DA:75,2
DA:76,2
DA:77,2
DA:78,2
DA:82,2
DA:83,1
DA:85,2
DA:88,2
DA:89,2
DA:91,2
DA:92,2
DA:93,2
DA:97,5
DA:99,2
DA:100,4
DA:105,2
DA:106,3
DA:108,4
DA:111,2
DA:112,2
DA:114,2
DA:115,2
DA:116,2
DA:118,2
DA:119,2
DA:120,2
DA:121,12
DA:122,18
DA:124,2
DA:125,1
DA:126,1
DA:128,0
DA:132,2
DA:133,2
DA:140,2
DA:145,2
DA:159,2
DA:161,0
DA:162,0
DA:166,11
LF:71
LH:68
BRDA:12,0,0,1
BRDA:12,0,1,6
BRDA:32,1,0,1
BRDA:32,1,1,5
BRDA:37,2,0,1
BRDA:37,2,1,4
BRDA:42,3,0,2
BRDA:42,3,1,2
BRDA:42,4,0,4
BRDA:42,4,1,3
BRDA:53,5,0,1
BRDA:53,5,1,1
BRDA:64,6,0,4
BRDA:64,6,1,2
BRDA:77,7,0,2
BRDA:77,7,1,0
BRDA:78,8,0,2
BRDA:78,8,1,2
BRDA:92,9,0,2
BRDA:92,9,1,0
BRDA:97,10,0,5
BRDA:97,10,1,4
BRDA:100,11,0,4
BRDA:100,11,1,4
BRDA:119,12,0,2
BRDA:119,12,1,0
BRDA:124,13,0,1
BRDA:124,13,1,1
BRDA:124,14,0,2
BRDA:124,14,1,1
BRDA:125,15,0,0
BRDA:125,15,1,1
BRDA:125,16,0,1
BRDA:125,16,1,0
BRDA:134,17,0,1
BRDA:134,17,1,1
BRDA:135,18,0,1
BRDA:135,18,1,1
BRDA:136,19,0,1
BRDA:136,19,1,1
BRDA:140,20,0,1
BRDA:140,20,1,1
BRF:42
BRH:37
end_of_record
TN:
SF:src\routes\auth.js
FN:13,(anonymous_0)
FN:24,(anonymous_1)
FN:67,(anonymous_2)
FNF:3
FNH:2
FNDA:0,(anonymous_0)
FNDA:1,(anonymous_1)
FNDA:1,(anonymous_2)
DA:2,5
DA:3,5
DA:4,5
DA:5,5
DA:6,5
DA:9,5
DA:10,5
DA:13,5
DA:14,0
DA:15,0
DA:16,0
DA:18,0
DA:19,0
DA:24,5
DA:25,1
DA:27,1
DA:28,1
DA:31,0
DA:32,0
DA:33,0
DA:34,0
DA:37,0
DA:39,0
DA:48,0
DA:59,0
DA:61,0
DA:62,0
DA:67,5
DA:68,1
DA:70,1
DA:71,1
DA:74,0
DA:75,0
DA:76,0
DA:77,0
DA:80,0
DA:81,0
DA:82,0
DA:85,0
DA:96,0
DA:98,0
DA:99,0
DA:103,5
LF:43
LH:17
BRDA:27,0,0,1
BRDA:27,0,1,0
BRDA:27,1,0,1
BRDA:27,1,1,0
BRDA:27,1,2,0
BRDA:33,2,0,0
BRDA:33,2,1,0
BRDA:44,3,0,0
BRDA:44,3,1,0
BRDA:70,4,0,1
BRDA:70,4,1,0
BRDA:70,5,0,1
BRDA:70,5,1,0
BRDA:76,6,0,0
BRDA:76,6,1,0
BRDA:81,7,0,0
BRDA:81,7,1,0
BRF:17
BRH:4
end_of_record
TN:
SF:src\routes\events.js
FN:10,(anonymous_0)
FN:39,(anonymous_1)
FN:60,(anonymous_2)
FN:104,(anonymous_3)
FN:139,(anonymous_4)
FNF:5
FNH:2
FNDA:1,(anonymous_0)
FNDA:3,(anonymous_1)
FNDA:0,(anonymous_2)
FNDA:0,(anonymous_3)
FNDA:0,(anonymous_4)
DA:1,13
DA:2,13
DA:3,13
DA:5,13
DA:10,13
DA:11,1
DA:12,1
DA:30,1
DA:32,0
DA:33,0
DA:39,13
DA:40,3
DA:42,3
DA:43,1
DA:46,2
DA:47,2
DA:48,1
DA:50,1
DA:51,1
DA:53,0
DA:54,0
DA:60,13
DA:61,0
DA:63,0
DA:64,0
DA:67,0
DA:68,0
DA:92,0
DA:93,0
DA:96,0
DA:98,0
DA:99,0
DA:104,13
DA:105,0
DA:106,0
DA:108,0
DA:109,0
DA:112,0
DA:113,0
DA:131,0
DA:133,0
DA:134,0
DA:139,13
DA:140,0
DA:142,0
DA:143,0
DA:146,0
DA:147,0
DA:148,0
DA:149,0
DA:151,0
DA:153,0
DA:154,0
DA:158,13
LF:54
LH:21
BRDA:42,0,0,1
BRDA:42,0,1,2
BRDA:42,1,0,3
BRDA:42,1,1,3
BRDA:42,1,2,2
BRDA:42,1,3,2
BRDA:42,1,4,2
BRDA:42,1,5,2
BRDA:50,2,0,1
BRDA:50,2,1,0
BRDA:63,3,0,0
BRDA:63,3,1,0
BRDA:92,4,0,0
BRDA:92,4,1,0
BRDA:108,5,0,0
BRDA:108,5,1,0
BRDA:117,6,0,0
BRDA:117,6,1,0
BRDA:142,7,0,0
BRDA:142,7,1,0
BRF:20
BRH:9
end_of_record
TN:
SF:src\routes\feedback.js
FN:11,(anonymous_0)
FN:54,(anonymous_1)
FN:96,(anonymous_2)
FNF:3
FNH:3
FNDA:4,(anonymous_0)
FNDA:4,(anonymous_1)
FNDA:4,(anonymous_2)
DA:2,17
DA:3,17
DA:4,17
DA:7,17
DA:11,17
DA:12,4
DA:14,4
DA:15,1
DA:18,3
DA:20,3
DA:21,3
DA:22,1
DA:26,2
DA:27,2
DA:28,1
DA:32,1
DA:46,1
DA:48,0
DA:49,0
DA:54,17
DA:55,4
DA:57,4
DA:58,1
DA:61,3
DA:63,3
DA:68,3
DA:69,1
DA:73,2
DA:74,1
DA:78,1
DA:88,1
DA:90,0
DA:91,0
DA:96,17
DA:97,4
DA:99,4
DA:100,1
DA:103,3
DA:105,3
DA:110,3
DA:111,1
DA:115,2
DA:116,1
DA:120,1
DA:130,1
DA:132,0
DA:133,0
DA:137,17
LF:48
LH:42
BRDA:14,0,0,1
BRDA:14,0,1,3
BRDA:14,1,0,4
BRDA:14,1,1,3
BRDA:14,1,2,0
BRDA:21,2,0,1
BRDA:21,2,1,2
BRDA:27,3,0,1
BRDA:27,3,1,1
BRDA:27,4,0,2
BRDA:27,4,1,1
BRDA:34,5,0,1
BRDA:34,5,1,0
BRDA:35,6,0,1
BRDA:35,6,1,0
BRDA:57,7,0,1
BRDA:57,7,1,3
BRDA:68,8,0,1
BRDA:68,8,1,2
BRDA:73,9,0,1
BRDA:73,9,1,1
BRDA:99,10,0,1
BRDA:99,10,1,3
BRDA:110,11,0,1
BRDA:110,11,1,2
BRDA:115,12,0,1
BRDA:115,12,1,1
BRF:27
BRH:24
end_of_record
TN:
SF:src\routes\rsvp.js
FN:9,(anonymous_0)
FN:34,(anonymous_1)
FN:65,(anonymous_2)
FN:84,(anonymous_3)
FN:123,(anonymous_4)
FN:143,(anonymous_5)
FNF:6
FNH:6
FNDA:6,(anonymous_0)
FNDA:2,(anonymous_1)
FNDA:4,(anonymous_2)
FNDA:3,(anonymous_3)
FNDA:5,(anonymous_4)
FNDA:2,(anonymous_5)
DA:2,20
DA:3,20
DA:4,20
DA:6,20
DA:9,20
DA:10,6
DA:12,6
DA:13,1
DA:16,5
DA:18,5
DA:23,5
DA:24,1
DA:28,4
DA:29,4
DA:30,1
DA:34,3
DA:35,3
DA:36,1
DA:40,2
DA:41,1
DA:45,1
DA:57,1
DA:59,0
DA:60,0
DA:65,20
DA:66,4
DA:68,4
DA:69,0
DA:72,4
DA:74,4
DA:79,4
DA:80,0
DA:84,4
DA:85,4
DA:86,1
DA:90,3
DA:91,1
DA:95,2
DA:96,2
DA:97,2
DA:98,2
DA:100,2
DA:101,1
DA:105,1
DA:115,1
DA:117,0
DA:118,0
DA:123,20
DA:124,5
DA:125,5
DA:127,5
DA:128,1
DA:131,4
DA:133,4
DA:138,4
DA:139,1
DA:143,3
DA:144,3
DA:145,1
DA:149,2
DA:150,1
DA:154,1
DA:164,1
DA:166,0
DA:167,0
DA:171,20
LF:66
LH:58
BRDA:12,0,0,1
BRDA:12,0,1,5
BRDA:23,1,0,1
BRDA:23,1,1,4
BRDA:29,2,0,1
BRDA:29,2,1,3
BRDA:35,3,0,1
BRDA:35,3,1,2
BRDA:40,4,0,1
BRDA:40,4,1,1
BRDA:68,5,0,0
BRDA:68,5,1,4
BRDA:79,6,0,0
BRDA:79,6,1,4
BRDA:85,7,0,1
BRDA:85,7,1,3
BRDA:90,8,0,1
BRDA:90,8,1,2
BRDA:100,9,0,1
BRDA:100,9,1,1
BRDA:100,10,0,2
BRDA:100,10,1,1
BRDA:127,11,0,1
BRDA:127,11,1,4
BRDA:127,12,0,5
BRDA:127,12,1,4
BRDA:138,13,0,1
BRDA:138,13,1,3
BRDA:144,14,0,1
BRDA:144,14,1,2
BRDA:149,15,0,1
BRDA:149,15,1,1
BRF:32
BRH:30
end_of_record
TN:
SF:src\utils\db.js
FN:6,(anonymous_0)
FNF:1
FNH:0
FNDA:0,(anonymous_0)
DA:2,5
DA:4,5
DA:6,5
DA:7,0
DA:8,0
DA:9,0
DA:11,0
DA:12,0
DA:16,5
DA:17,5
LF:10
LH:5
BRF:0
BRH:0
end_of_record
